<?xml version="1.0" encoding="UTF-8"?>
<testng-results skipped="0" failed="0" ignored="0" total="7" passed="7">
  <reporter-output>
  </reporter-output>
  <suite name="Surefire suite" duration-ms="96052" started-at="2024-11-11T11:47:18 IST" finished-at="2024-11-11T11:48:54 IST">
    <groups>
      <group name="cucumber">
        <method signature="AbstractTestNGCucumberTests.runScenario(io.cucumber.testng.PickleWrapper,io.cucumber.testng.FeatureWrapper)[pri:0, instance:com.backbase.tests.TestRunner@42607a4f]" name="runScenario" class="io.cucumber.testng.AbstractTestNGCucumberTests"/>
      </group> <!-- cucumber -->
    </groups>
    <test name="Surefire test" duration-ms="96052" started-at="2024-11-11T11:47:18 IST" finished-at="2024-11-11T11:48:54 IST">
      <class name="com.backbase.tests.TestRunner">
        <test-method status="PASS" signature="setUpClass()[pri:0, instance:com.backbase.tests.TestRunner@42607a4f]" name="setUpClass" is-config="true" duration-ms="1212" started-at="2024-11-11T11:47:18 IST" finished-at="2024-11-11T11:47:20 IST">
          <reporter-output>
          </reporter-output>
        </test-method> <!-- setUpClass -->
        <test-method status="PASS" signature="runScenario(io.cucumber.testng.PickleWrapper,io.cucumber.testng.FeatureWrapper)[pri:0, instance:com.backbase.tests.TestRunner@42607a4f]" name="runScenario" duration-ms="24144" started-at="2024-11-11T11:47:20 IST" description="Runs Cucumber Scenarios" data-provider="scenarios" finished-at="2024-11-11T11:47:44 IST">
          <params>
            <param index="0">
              <value>
                <![CDATA["Successfully create a Pet Owner"]]>
              </value>
            </param>
            <param index="1">
              <value>
                <![CDATA["Optional[Pet Clinic]"]]>
              </value>
            </param>
          </params>
          <reporter-output>
          </reporter-output>
        </test-method> <!-- runScenario -->
        <test-method status="PASS" signature="runScenario(io.cucumber.testng.PickleWrapper,io.cucumber.testng.FeatureWrapper)[pri:0, instance:com.backbase.tests.TestRunner@42607a4f]" name="runScenario" duration-ms="11367" started-at="2024-11-11T11:47:44 IST" description="Runs Cucumber Scenarios" data-provider="scenarios" finished-at="2024-11-11T11:47:55 IST">
          <params>
            <param index="0">
              <value>
                <![CDATA["Verify the created new Owner is displayed or not in Owners page"]]>
              </value>
            </param>
            <param index="1">
              <value>
                <![CDATA["Optional[Pet Clinic]"]]>
              </value>
            </param>
          </params>
          <reporter-output>
          </reporter-output>
        </test-method> <!-- runScenario -->
        <test-method status="PASS" signature="runScenario(io.cucumber.testng.PickleWrapper,io.cucumber.testng.FeatureWrapper)[pri:0, instance:com.backbase.tests.TestRunner@42607a4f]" name="runScenario" duration-ms="17418" started-at="2024-11-11T11:47:55 IST" description="Runs Cucumber Scenarios" data-provider="scenarios" finished-at="2024-11-11T11:48:13 IST">
          <params>
            <param index="0">
              <value>
                <![CDATA["Verify by updating the Owner Details"]]>
              </value>
            </param>
            <param index="1">
              <value>
                <![CDATA["Optional[Pet Clinic]"]]>
              </value>
            </param>
          </params>
          <reporter-output>
          </reporter-output>
        </test-method> <!-- runScenario -->
        <test-method status="PASS" signature="runScenario(io.cucumber.testng.PickleWrapper,io.cucumber.testng.FeatureWrapper)[pri:0, instance:com.backbase.tests.TestRunner@42607a4f]" name="runScenario" duration-ms="16169" started-at="2024-11-11T11:48:13 IST" description="Runs Cucumber Scenarios" data-provider="scenarios" finished-at="2024-11-11T11:48:29 IST">
          <params>
            <param index="0">
              <value>
                <![CDATA["Add a new Pet"]]>
              </value>
            </param>
            <param index="1">
              <value>
                <![CDATA["Optional[Pet Clinic]"]]>
              </value>
            </param>
          </params>
          <reporter-output>
          </reporter-output>
        </test-method> <!-- runScenario -->
        <test-method status="PASS" signature="runScenario(io.cucumber.testng.PickleWrapper,io.cucumber.testng.FeatureWrapper)[pri:0, instance:com.backbase.tests.TestRunner@42607a4f]" name="runScenario" duration-ms="5532" started-at="2024-11-11T11:48:29 IST" description="Runs Cucumber Scenarios" data-provider="scenarios" finished-at="2024-11-11T11:48:34 IST">
          <params>
            <param index="0">
              <value>
                <![CDATA["Verify the new Pet added is displayed"]]>
              </value>
            </param>
            <param index="1">
              <value>
                <![CDATA["Optional[Pet Clinic]"]]>
              </value>
            </param>
          </params>
          <reporter-output>
          </reporter-output>
        </test-method> <!-- runScenario -->
        <test-method status="PASS" signature="runScenario(io.cucumber.testng.PickleWrapper,io.cucumber.testng.FeatureWrapper)[pri:0, instance:com.backbase.tests.TestRunner@42607a4f]" name="runScenario" duration-ms="16294" started-at="2024-11-11T11:48:34 IST" description="Runs Cucumber Scenarios" data-provider="scenarios" finished-at="2024-11-11T11:48:51 IST">
          <params>
            <param index="0">
              <value>
                <![CDATA["Update the pet details and verify it is updated"]]>
              </value>
            </param>
            <param index="1">
              <value>
                <![CDATA["Optional[Pet Clinic]"]]>
              </value>
            </param>
          </params>
          <reporter-output>
          </reporter-output>
        </test-method> <!-- runScenario -->
        <test-method status="PASS" signature="runScenario(io.cucumber.testng.PickleWrapper,io.cucumber.testng.FeatureWrapper)[pri:0, instance:com.backbase.tests.TestRunner@42607a4f]" name="runScenario" duration-ms="3785" started-at="2024-11-11T11:48:51 IST" description="Runs Cucumber Scenarios" data-provider="scenarios" finished-at="2024-11-11T11:48:54 IST">
          <params>
            <param index="0">
              <value>
                <![CDATA["Print all the veterinarians"]]>
              </value>
            </param>
            <param index="1">
              <value>
                <![CDATA["Optional[Pet Clinic]"]]>
              </value>
            </param>
          </params>
          <reporter-output>
          </reporter-output>
        </test-method> <!-- runScenario -->
        <test-method status="PASS" signature="tearDownClass()[pri:0, instance:com.backbase.tests.TestRunner@42607a4f]" name="tearDownClass" is-config="true" duration-ms="56" started-at="2024-11-11T11:48:54 IST" finished-at="2024-11-11T11:48:54 IST">
          <reporter-output>
          </reporter-output>
        </test-method> <!-- tearDownClass -->
      </class> <!-- com.backbase.tests.TestRunner -->
    </test> <!-- Surefire test -->
  </suite> <!-- Surefire suite -->
</testng-results>
